{"level":"info","message":"Server started on http://localhost:5002","timestamp":"2026-03-14 18:49:06"}
{"level":"info","message":"::1 - - [14/Mar/2026:13:21:19 +0000] \"HEAD /api/health HTTP/1.1\" 500 153 \"-\" \"curl/8.7.1\"","timestamp":"2026-03-14 18:51:19"}
{"level":"info","message":"::1 - - [14/Mar/2026:13:21:52 +0000] \"GET /api/health HTTP/1.1\" 500 153 \"-\" \"curl/8.7.1\"","timestamp":"2026-03-14 18:51:52"}
{"level":"info","message":"Server started on http://localhost:5002","timestamp":"2026-03-14 18:52:40"}
{"level":"info","message":"::1 - - [14/Mar/2026:13:22:47 +0000] \"GET /api/health HTTP/1.1\" 500 153 \"-\" \"curl/8.7.1\"","timestamp":"2026-03-14 18:52:47"}
{"level":"info","message":"::1 - - [14/Mar/2026:13:25:18 +0000] \"GET /api/health HTTP/1.1\" 500 153 \"-\" \"curl/8.7.1\"","timestamp":"2026-03-14 18:55:18"}
{"level":"info","message":"Server started on http://localhost:5002","timestamp":"2026-03-14 18:55:52"}
{"level":"info","message":"::1 - - [14/Mar/2026:13:26:06 +0000] \"GET /api/health HTTP/1.1\" 500 153 \"-\" \"curl/8.7.1\"","timestamp":"2026-03-14 18:56:06"}
{"level":"info","message":"::1 - - [14/Mar/2026:13:26:48 +0000] \"GET /api/health HTTP/1.1\" 500 153 \"-\" \"curl/8.7.1\"","timestamp":"2026-03-14 18:56:48"}
{"level":"info","message":"Server started on http://localhost:5002","timestamp":"2026-03-14 18:57:10"}
{"level":"info","message":"::1 - - [14/Mar/2026:13:30:20 +0000] \"GET /api/health HTTP/1.1\" 200 127 \"-\" \"curl/8.7.1\"","timestamp":"2026-03-14 19:00:20"}
{"level":"info","message":"Server started on http://localhost:5002","timestamp":"2026-03-14 19:02:05"}
{"level":"info","message":"::1 - - [16/Mar/2026:10:15:04 +0000] \"POST /api/users/getUrlsListArray HTTP/1.1\" 401 59 \"-\" \"PostmanRuntime/7.51.1\"","timestamp":"2026-03-16 15:45:04"}
{"level":"info","message":"::1 - - [16/Mar/2026:10:16:16 +0000] \"POST /api/users/getUrlsListArray HTTP/1.1\" 404 - \"-\" \"PostmanRuntime/7.51.1\"","timestamp":"2026-03-16 15:46:16"}
{"level":"info","message":"::1 - - [16/Mar/2026:10:18:33 +0000] \"POST /api/users/getArrayImages HTTP/1.1\" 200 - \"-\" \"PostmanRuntime/7.51.1\"","timestamp":"2026-03-16 15:48:33"}
{"level":"info","message":"::1 - - [16/Mar/2026:10:41:23 +0000] \"POST /api/users/getArrayImages HTTP/1.1\" 200 - \"-\" \"PostmanRuntime/7.51.1\"","timestamp":"2026-03-16 16:11:23"}
{"level":"info","message":"::1 - - [16/Mar/2026:12:12:52 +0000] \"GET /api/users/getArrayImages/69affcc42a0ba3684ecb7def?page=1&limit=12 HTTP/1.1\" 200 - \"-\" \"PostmanRuntime/7.51.1\"","timestamp":"2026-03-16 17:42:52"}
{"level":"info","message":"::1 - - [16/Mar/2026:12:13:08 +0000] \"GET /api/users/getArrayImages/69affcc42a0ba3684ecb7def?page=1&limit=1 HTTP/1.1\" 200 - \"-\" \"PostmanRuntime/7.51.1\"","timestamp":"2026-03-16 17:43:08"}
{"level":"info","message":"::1 - - [16/Mar/2026:12:13:34 +0000] \"GET /api/users/getArrayImages/69affcc42a0ba3684ecb7def?page=1&limit=1 HTTP/1.1\" 200 - \"-\" \"PostmanRuntime/7.51.1\"","timestamp":"2026-03-16 17:43:34"}
{"level":"info","message":"::1 - - [16/Mar/2026:12:13:54 +0000] \"GET /api/users/getArrayImages/69affcc42a0ba3684ecb7def?page=1&limit=2 HTTP/1.1\" 200 - \"-\" \"PostmanRuntime/7.51.1\"","timestamp":"2026-03-16 17:43:54"}
{"level":"info","message":"::1 - - [16/Mar/2026:12:14:14 +0000] \"GET /api/users/getArrayImages/69affcc42a0ba3684ecb7def?page=1&limit=2 HTTP/1.1\" 200 - \"-\" \"PostmanRuntime/7.51.1\"","timestamp":"2026-03-16 17:44:14"}
{"level":"info","message":"::1 - - [16/Mar/2026:12:16:08 +0000] \"GET /api/users/getArrayImages/69affcc42a0ba3684ecb7def?page=1&limit=2 HTTP/1.1\" 400 51 \"-\" \"PostmanRuntime/7.51.1\"","timestamp":"2026-03-16 17:46:08"}
{"level":"info","message":"::1 - - [16/Mar/2026:12:16:43 +0000] \"GET /api/users/getArrayImages/69affcc42a0ba3684ecb7def?page=1&limit=2 HTTP/1.1\" 200 - \"-\" \"PostmanRuntime/7.51.1\"","timestamp":"2026-03-16 17:46:43"}
{"level":"info","message":"::1 - - [16/Mar/2026:12:44:15 +0000] \"GET /api/users/getArrayImages/69affcc42a0ba3684ecb7def?page=1&limit=2 HTTP/1.1\" 200 - \"-\" \"PostmanRuntime/7.51.1\"","timestamp":"2026-03-16 18:14:15"}
{"level":"info","message":"::1 - - [16/Mar/2026:13:03:29 +0000] \"GET /api/photographers/getArrayImages/69affcc42a0ba3684ecb7def?page=1&limit=2 HTTP/1.1\" 401 70 \"-\" \"PostmanRuntime/7.51.1\"","timestamp":"2026-03-16 18:33:29"}
{"level":"info","message":"::1 - - [16/Mar/2026:13:05:25 +0000] \"GET /api/admins/getArrayImages/69affcc42a0ba3684ecb7def?page=1&limit=2 HTTP/1.1\" 200 - \"-\" \"PostmanRuntime/7.51.1\"","timestamp":"2026-03-16 18:35:25"}
